C:\Program Files\Microsoft Visual Studio\2022\Community\MSBuild\Microsoft\VC\v170\Microsoft.CppBuild.targets(517,5): warning MSB8028: El directorio intermedio (x64\Debug\) contiene archivos compartidos de otro proyecto (SistemaMonitoreoRemotoQuebradasViews.vcxproj). Esto puede dar lugar a un comportamiento incorrecto de limpieza y recompilación.
  frmAlertaManuales.cpp
  frmCrearQuebrada.cpp
  frmEditarQuebrada.cpp
  frmEditarUsuario.cpp
  frmInstalarNodoMonitoreo.cpp
  frmMantNodos.cpp
  frmMantQuebrada.cpp
  frmMantUsuarios.cpp
  frmNuevoUsuario.cpp
  frmPrincipal.cpp
  frmSeleccionarQuebrada.cpp
  frmTestNodo.cpp
  login.cpp
  main.cpp
C:\Users\ianpe\Documents\GitHub\MonitoreoRemotoQuebradasG4\SMQ_vs\SistemaMonitoreoRemotoQuebradasView\main.cpp(8,34): warning C4829: Parámetros posiblemente incorrectos para la función main. Utilice 'int main(Platform::Array<Platform::String^>^ argv)'
  .NETFramework,Version=v4.7.2.AssemblyAttributes.cpp
  Generando código...
  frmAlertaManuales.obj : se encontró un módulo MSIL; vinculación incremental deshabilitada para MSIL; ejecutando vínculo completo
  SistemaMonitoreoRemotoQuebradasView.vcxproj -> C:\Users\ianpe\Documents\GitHub\MonitoreoRemotoQuebradasG4\SMQ_vs\x64\Debug\SistemaMonitoreoRemotoQuebradasView.exe
